<?xml version="1.0" encoding="UTF-8" standalone="no"?>
<!DOCTYPE log SYSTEM "logger.dtd">
<log>
<record>
  <date>2019-08-29T12:58:50</date>
  <millis>1567058330336</millis>
  <sequence>0</sequence>
  <level>START</level>
  <class>com.kms.katalon.core.logging.XmlKeywordLogger</class>
  <method>startSuite</method>
  <thread>1</thread>
  <message>Start Test Suite : Test Suites/API Biller CRUD</message>
  <nestedLevel>0</nestedLevel>
  <property name="name">API Biller CRUD</property>
  <property name="description"></property>
  <property name="id">Test Suites/API Biller CRUD</property>
</record>
<record>
  <date>2019-08-29T12:58:50</date>
  <millis>1567058330357</millis>
  <sequence>1</sequence>
  <level>RUN_DATA</level>
  <class>com.kms.katalon.core.logging.XmlKeywordLogger</class>
  <method>logMessage</method>
  <thread>1</thread>
  <message>hostName = reinard - adsl-172-10-101-64.dsl.hstntx.sbcglobal.net</message>
  <nestedLevel>0</nestedLevel>
  <property name="hostName">reinard - adsl-172-10-101-64.dsl.hstntx.sbcglobal.net</property>
</record>
<record>
  <date>2019-08-29T12:58:50</date>
  <millis>1567058330359</millis>
  <sequence>2</sequence>
  <level>RUN_DATA</level>
  <class>com.kms.katalon.core.logging.XmlKeywordLogger</class>
  <method>logMessage</method>
  <thread>1</thread>
  <message>os = Mac OS X 64bit</message>
  <nestedLevel>0</nestedLevel>
  <property name="os">Mac OS X 64bit</property>
</record>
<record>
  <date>2019-08-29T12:58:50</date>
  <millis>1567058330360</millis>
  <sequence>3</sequence>
  <level>RUN_DATA</level>
  <class>com.kms.katalon.core.logging.XmlKeywordLogger</class>
  <method>logMessage</method>
  <thread>1</thread>
  <message>hostAddress = 172.10.101.64</message>
  <nestedLevel>0</nestedLevel>
  <property name="hostAddress">172.10.101.64</property>
</record>
<record>
  <date>2019-08-29T12:58:50</date>
  <millis>1567058330364</millis>
  <sequence>4</sequence>
  <level>RUN_DATA</level>
  <class>com.kms.katalon.core.logging.XmlKeywordLogger</class>
  <method>logMessage</method>
  <thread>1</thread>
  <message>katalonVersion = 6.2.1.2</message>
  <nestedLevel>0</nestedLevel>
  <property name="katalonVersion">6.2.1.2</property>
</record>
<record>
  <date>2019-08-29T12:58:50</date>
  <millis>1567058330825</millis>
  <sequence>5</sequence>
  <level>START</level>
  <class>com.kms.katalon.core.logging.XmlKeywordLogger</class>
  <method>startTest</method>
  <thread>1</thread>
  <message>Start Test Case : Test Cases/API Biller CRUD/Get Biller Config Success</message>
  <nestedLevel>1</nestedLevel>
  <property name="name">Test Cases/API Biller CRUD/Get Biller Config Success</property>
  <property name="description"></property>
  <property name="id">Test Cases/API Biller CRUD/Get Biller Config Success</property>
  <property name="source">\\Users\\reinard\\Documents\\Katalon Project\\Trunko\\Test Cases\\API Biller CRUD\\Get Biller Config Success.tc</property>
  <property name="tag"></property>
  <property name="isOptional">false</property>
</record>
<record>
  <date>2019-08-29T12:58:51</date>
  <millis>1567058331461</millis>
  <sequence>7</sequence>
  <level>START</level>
  <class>com.kms.katalon.core.logging.XmlKeywordLogger</class>
  <method>startKeyword</method>
  <thread>1</thread>
  <message>Start action : runFeatureFile(\&amp;quot;Include/features/API Biller CRUD/Get Biller Config Success.feature\&amp;quot;)</message>
  <nestedLevel>1</nestedLevel>
  <property name="startLine">16</property>
  <property name="stepIndex">1</property>
</record>
<record>
  <date>2019-08-29T12:58:51</date>
  <millis>1567058331567</millis>
  <sequence>8</sequence>
  <level>INFO</level>
  <class>com.kms.katalon.core.logging.XmlKeywordLogger</class>
  <method>logMessage</method>
  <thread>1</thread>
  <message>Starting run keyword runFeatureFile: &amp;apos;Include/features/API Biller CRUD/Get Biller Config Success.feature&amp;apos; and extract report to folder: &amp;apos;/Users/reinard/Documents/Katalon Project/Trunko/Reports/API Biller CRUD/20190829_125839/cucumber_report/1567058331556&amp;apos;...</message>
  <nestedLevel>1</nestedLevel>
</record>
<record>
  <date>2019-08-29T12:58:52</date>
  <millis>1567058332814</millis>
  <sequence>9</sequence>
  <level>START</level>
  <class>com.kms.katalon.core.logging.XmlKeywordLogger</class>
  <method>startTest</method>
  <thread>1</thread>
  <message>Start Test Case : SCENARIO Get Biller Config Success</message>
  <nestedLevel>2</nestedLevel>
</record>
<record>
  <date>2019-08-29T12:58:52</date>
  <millis>1567058332842</millis>
  <sequence>10</sequence>
  <level>START</level>
  <class>com.kms.katalon.core.logging.XmlKeywordLogger</class>
  <method>startKeyword</method>
  <thread>1</thread>
  <message>Start action : url : https://trunko.sumpahpalapa.com/biller/id/config</message>
  <nestedLevel>2</nestedLevel>
</record>
<record>
  <date>2019-08-29T12:58:53</date>
  <millis>1567058333422</millis>
  <sequence>11</sequence>
  <level>PASSED</level>
  <class>com.kms.katalon.core.logging.XmlKeywordLogger</class>
  <method>logMessage</method>
  <thread>1</thread>
  <message>url : https://trunko.sumpahpalapa.com/biller/id/config</message>
  <nestedLevel>2</nestedLevel>
</record>
<record>
  <date>2019-08-29T12:58:53</date>
  <millis>1567058333422</millis>
  <sequence>12</sequence>
  <level>END</level>
  <class>com.kms.katalon.core.logging.XmlKeywordLogger</class>
  <method>endKeyword</method>
  <thread>1</thread>
  <message>End End action : url : https://trunko.sumpahpalapa.com/biller/id/config</message>
  <nestedLevel>2</nestedLevel>
</record>
<record>
  <date>2019-08-29T12:58:53</date>
  <millis>1567058333424</millis>
  <sequence>13</sequence>
  <level>START</level>
  <class>com.kms.katalon.core.logging.XmlKeywordLogger</class>
  <method>startKeyword</method>
  <thread>1</thread>
  <message>Start action : Method : GET</message>
  <nestedLevel>2</nestedLevel>
</record>
<record>
  <date>2019-08-29T12:58:53</date>
  <millis>1567058333442</millis>
  <sequence>14</sequence>
  <level>PASSED</level>
  <class>com.kms.katalon.core.logging.XmlKeywordLogger</class>
  <method>logMessage</method>
  <thread>1</thread>
  <message>Method : GET</message>
  <nestedLevel>2</nestedLevel>
</record>
<record>
  <date>2019-08-29T12:58:53</date>
  <millis>1567058333442</millis>
  <sequence>15</sequence>
  <level>END</level>
  <class>com.kms.katalon.core.logging.XmlKeywordLogger</class>
  <method>endKeyword</method>
  <thread>1</thread>
  <message>End End action : Method : GET</message>
  <nestedLevel>2</nestedLevel>
</record>
<record>
  <date>2019-08-29T12:58:53</date>
  <millis>1567058333444</millis>
  <sequence>16</sequence>
  <level>START</level>
  <class>com.kms.katalon.core.logging.XmlKeywordLogger</class>
  <method>startKeyword</method>
  <thread>1</thread>
  <message>Start action : User Input id : 63</message>
  <nestedLevel>2</nestedLevel>
</record>
<record>
  <date>2019-08-29T12:58:53</date>
  <millis>1567058333445</millis>
  <sequence>17</sequence>
  <level>PASSED</level>
  <class>com.kms.katalon.core.logging.XmlKeywordLogger</class>
  <method>logMessage</method>
  <thread>1</thread>
  <message>User Input id : 63</message>
  <nestedLevel>2</nestedLevel>
</record>
<record>
  <date>2019-08-29T12:58:53</date>
  <millis>1567058333446</millis>
  <sequence>18</sequence>
  <level>END</level>
  <class>com.kms.katalon.core.logging.XmlKeywordLogger</class>
  <method>endKeyword</method>
  <thread>1</thread>
  <message>End End action : User Input id : 63</message>
  <nestedLevel>2</nestedLevel>
</record>
<record>
  <date>2019-08-29T12:58:53</date>
  <millis>1567058333450</millis>
  <sequence>19</sequence>
  <level>START</level>
  <class>com.kms.katalon.core.logging.XmlKeywordLogger</class>
  <method>startKeyword</method>
  <thread>1</thread>
  <message>Start action : Send request</message>
  <nestedLevel>2</nestedLevel>
</record>
<record>
  <date>2019-08-29T12:58:58</date>
  <millis>1567058338580</millis>
  <sequence>22</sequence>
  <level>INFO</level>
  <class>com.kms.katalon.core.logging.XmlKeywordLogger</class>
  <method>logMessage</method>
  <thread>1</thread>
  <message>HAR: /Users/reinard/Documents/Katalon Project/Trunko/Reports/API Biller CRUD/20190829_125839/requests/main/0.har</message>
  <nestedLevel>2</nestedLevel>
  <property name="harId">7760bb94-9f47-485d-9d56-5b1a6c254a77</property>
</record>
<record>
  <date>2019-08-29T12:58:58</date>
  <millis>1567058338821</millis>
  <sequence>23</sequence>
  <level>PASSED</level>
  <class>com.kms.katalon.core.logging.XmlKeywordLogger</class>
  <method>logMessage</method>
  <thread>1</thread>
  <message>Send request successfully</message>
  <nestedLevel>2</nestedLevel>
</record>
<record>
  <date>2019-08-29T12:58:58</date>
  <millis>1567058338822</millis>
  <sequence>24</sequence>
  <level>PASSED</level>
  <class>com.kms.katalon.core.logging.XmlKeywordLogger</class>
  <method>logMessage</method>
  <thread>1</thread>
  <message>Send request</message>
  <nestedLevel>2</nestedLevel>
</record>
<record>
  <date>2019-08-29T12:58:58</date>
  <millis>1567058338823</millis>
  <sequence>25</sequence>
  <level>END</level>
  <class>com.kms.katalon.core.logging.XmlKeywordLogger</class>
  <method>endKeyword</method>
  <thread>1</thread>
  <message>End End action : Send request</message>
  <nestedLevel>2</nestedLevel>
</record>
<record>
  <date>2019-08-29T12:58:58</date>
  <millis>1567058338826</millis>
  <sequence>26</sequence>
  <level>START</level>
  <class>com.kms.katalon.core.logging.XmlKeywordLogger</class>
  <method>startKeyword</method>
  <thread>1</thread>
  <message>Start action : User Get Http response code : 200</message>
  <nestedLevel>2</nestedLevel>
</record>
<record>
  <date>2019-08-29T12:58:58</date>
  <millis>1567058338907</millis>
  <sequence>28</sequence>
  <level>PASSED</level>
  <class>com.kms.katalon.core.logging.XmlKeywordLogger</class>
  <method>logMessage</method>
  <thread>1</thread>
  <message>Verify response status code successfully</message>
  <nestedLevel>2</nestedLevel>
</record>
<record>
  <date>2019-08-29T12:58:58</date>
  <millis>1567058338912</millis>
  <sequence>29</sequence>
  <level>PASSED</level>
  <class>com.kms.katalon.core.logging.XmlKeywordLogger</class>
  <method>logMessage</method>
  <thread>1</thread>
  <message>User Get Http response code : 200</message>
  <nestedLevel>2</nestedLevel>
</record>
<record>
  <date>2019-08-29T12:58:58</date>
  <millis>1567058338913</millis>
  <sequence>30</sequence>
  <level>END</level>
  <class>com.kms.katalon.core.logging.XmlKeywordLogger</class>
  <method>endKeyword</method>
  <thread>1</thread>
  <message>End End action : User Get Http response code : 200</message>
  <nestedLevel>2</nestedLevel>
</record>
<record>
  <date>2019-08-29T12:58:58</date>
  <millis>1567058338916</millis>
  <sequence>31</sequence>
  <level>START</level>
  <class>com.kms.katalon.core.logging.XmlKeywordLogger</class>
  <method>startKeyword</method>
  <thread>1</thread>
  <message>Start action : Config of Biller : 63 Shown</message>
  <nestedLevel>2</nestedLevel>
</record>
<record>
  <date>2019-08-29T12:58:58</date>
  <millis>1567058338926</millis>
  <sequence>32</sequence>
  <level>PASSED</level>
  <class>com.kms.katalon.core.logging.XmlKeywordLogger</class>
  <method>logMessage</method>
  <thread>1</thread>
  <message>Config of Biller : 63 Shown</message>
  <nestedLevel>2</nestedLevel>
</record>
<record>
  <date>2019-08-29T12:58:58</date>
  <millis>1567058338927</millis>
  <sequence>33</sequence>
  <level>END</level>
  <class>com.kms.katalon.core.logging.XmlKeywordLogger</class>
  <method>endKeyword</method>
  <thread>1</thread>
  <message>End End action : Config of Biller : 63 Shown</message>
  <nestedLevel>2</nestedLevel>
</record>
<record>
  <date>2019-08-29T12:58:58</date>
  <millis>1567058338933</millis>
  <sequence>34</sequence>
  <level>PASSED</level>
  <class>com.kms.katalon.core.logging.XmlKeywordLogger</class>
  <method>logMessage</method>
  <thread>1</thread>
  <message>SCENARIO Get Biller Config Success</message>
  <nestedLevel>2</nestedLevel>
</record>
<record>
  <date>2019-08-29T12:58:58</date>
  <millis>1567058338934</millis>
  <sequence>35</sequence>
  <level>END</level>
  <class>com.kms.katalon.core.logging.XmlKeywordLogger</class>
  <method>endTest</method>
  <thread>1</thread>
  <message>End Test Case : SCENARIO Get Biller Config Success</message>
  <nestedLevel>1</nestedLevel>
</record>
<record>
  <date>2019-08-29T12:58:59</date>
  <millis>1567058339061</millis>
  <sequence>36</sequence>
  <level>PASSED</level>
  <class>com.kms.katalon.core.logging.XmlKeywordLogger</class>
  <method>logMessage</method>
  <thread>1</thread>
  <message>Feature file: &amp;apos;Include/features/API Biller CRUD/Get Biller Config Success.feature&amp;apos; was passed</message>
  <nestedLevel>1</nestedLevel>
</record>
<record>
  <date>2019-08-29T12:58:59</date>
  <millis>1567058339067</millis>
  <sequence>37</sequence>
  <level>END</level>
  <class>com.kms.katalon.core.logging.XmlKeywordLogger</class>
  <method>endKeyword</method>
  <thread>1</thread>
  <message>End action : runFeatureFile(\&amp;quot;Include/features/API Biller CRUD/Get Biller Config Success.feature\&amp;quot;)</message>
  <nestedLevel>1</nestedLevel>
</record>
<record>
  <date>2019-08-29T12:58:59</date>
  <millis>1567058339068</millis>
  <sequence>38</sequence>
  <level>PASSED</level>
  <class>com.kms.katalon.core.logging.XmlKeywordLogger</class>
  <method>logMessage</method>
  <thread>1</thread>
  <message>Test Cases/API Biller CRUD/Get Biller Config Success</message>
  <nestedLevel>1</nestedLevel>
</record>
<record>
  <date>2019-08-29T12:58:59</date>
  <millis>1567058339069</millis>
  <sequence>39</sequence>
  <level>END</level>
  <class>com.kms.katalon.core.logging.XmlKeywordLogger</class>
  <method>endTest</method>
  <thread>1</thread>
  <message>End Test Case : Test Cases/API Biller CRUD/Get Biller Config Success</message>
  <nestedLevel>0</nestedLevel>
</record>
<record>
  <date>2019-08-29T12:58:59</date>
  <millis>1567058339084</millis>
  <sequence>40</sequence>
  <level>START</level>
  <class>com.kms.katalon.core.logging.XmlKeywordLogger</class>
  <method>startTest</method>
  <thread>1</thread>
  <message>Start Test Case : Test Cases/API Biller CRUD/Update Biller Config Failed</message>
  <nestedLevel>1</nestedLevel>
  <property name="name">Test Cases/API Biller CRUD/Update Biller Config Failed</property>
  <property name="description"></property>
  <property name="id">Test Cases/API Biller CRUD/Update Biller Config Failed</property>
  <property name="source">\\Users\\reinard\\Documents\\Katalon Project\\Trunko\\Test Cases\\API Biller CRUD\\Update Biller Config Failed.tc</property>
  <property name="tag"></property>
  <property name="isOptional">false</property>
</record>
<record>
  <date>2019-08-29T12:58:59</date>
  <millis>1567058339287</millis>
  <sequence>42</sequence>
  <level>START</level>
  <class>com.kms.katalon.core.logging.XmlKeywordLogger</class>
  <method>startKeyword</method>
  <thread>1</thread>
  <message>Start action : runFeatureFile(\&amp;quot;Include/features/API Biller CRUD/Update Biller Config Failed.feature\&amp;quot;)</message>
  <nestedLevel>1</nestedLevel>
  <property name="startLine">16</property>
  <property name="stepIndex">1</property>
</record>
<record>
  <date>2019-08-29T12:58:59</date>
  <millis>1567058339289</millis>
  <sequence>43</sequence>
  <level>INFO</level>
  <class>com.kms.katalon.core.logging.XmlKeywordLogger</class>
  <method>logMessage</method>
  <thread>1</thread>
  <message>Starting run keyword runFeatureFile: &amp;apos;Include/features/API Biller CRUD/Update Biller Config Failed.feature&amp;apos; and extract report to folder: &amp;apos;/Users/reinard/Documents/Katalon Project/Trunko/Reports/API Biller CRUD/20190829_125839/cucumber_report/1567058339288&amp;apos;...</message>
  <nestedLevel>1</nestedLevel>
</record>
<record>
  <date>2019-08-29T12:58:59</date>
  <millis>1567058339555</millis>
  <sequence>44</sequence>
  <level>START</level>
  <class>com.kms.katalon.core.logging.XmlKeywordLogger</class>
  <method>startTest</method>
  <thread>1</thread>
  <message>Start Test Case : SCENARIO Update Biller Config Failed</message>
  <nestedLevel>2</nestedLevel>
</record>
<record>
  <date>2019-08-29T12:58:59</date>
  <millis>1567058339558</millis>
  <sequence>45</sequence>
  <level>START</level>
  <class>com.kms.katalon.core.logging.XmlKeywordLogger</class>
  <method>startKeyword</method>
  <thread>1</thread>
  <message>Start action : url : https://trunko.sumpahpalapa.com/biller/id/config</message>
  <nestedLevel>2</nestedLevel>
</record>
<record>
  <date>2019-08-29T12:58:59</date>
  <millis>1567058339572</millis>
  <sequence>46</sequence>
  <level>PASSED</level>
  <class>com.kms.katalon.core.logging.XmlKeywordLogger</class>
  <method>logMessage</method>
  <thread>1</thread>
  <message>url : https://trunko.sumpahpalapa.com/biller/id/config</message>
  <nestedLevel>2</nestedLevel>
</record>
<record>
  <date>2019-08-29T12:58:59</date>
  <millis>1567058339572</millis>
  <sequence>47</sequence>
  <level>END</level>
  <class>com.kms.katalon.core.logging.XmlKeywordLogger</class>
  <method>endKeyword</method>
  <thread>1</thread>
  <message>End End action : url : https://trunko.sumpahpalapa.com/biller/id/config</message>
  <nestedLevel>2</nestedLevel>
</record>
<record>
  <date>2019-08-29T12:58:59</date>
  <millis>1567058339575</millis>
  <sequence>48</sequence>
  <level>START</level>
  <class>com.kms.katalon.core.logging.XmlKeywordLogger</class>
  <method>startKeyword</method>
  <thread>1</thread>
  <message>Start action : Method : POST</message>
  <nestedLevel>2</nestedLevel>
</record>
<record>
  <date>2019-08-29T12:58:59</date>
  <millis>1567058339577</millis>
  <sequence>49</sequence>
  <level>PASSED</level>
  <class>com.kms.katalon.core.logging.XmlKeywordLogger</class>
  <method>logMessage</method>
  <thread>1</thread>
  <message>Method : POST</message>
  <nestedLevel>2</nestedLevel>
</record>
<record>
  <date>2019-08-29T12:58:59</date>
  <millis>1567058339577</millis>
  <sequence>50</sequence>
  <level>END</level>
  <class>com.kms.katalon.core.logging.XmlKeywordLogger</class>
  <method>endKeyword</method>
  <thread>1</thread>
  <message>End End action : Method : POST</message>
  <nestedLevel>2</nestedLevel>
</record>
<record>
  <date>2019-08-29T12:58:59</date>
  <millis>1567058339578</millis>
  <sequence>51</sequence>
  <level>START</level>
  <class>com.kms.katalon.core.logging.XmlKeywordLogger</class>
  <method>startKeyword</method>
  <thread>1</thread>
  <message>Start action : User Input id : 1000</message>
  <nestedLevel>2</nestedLevel>
</record>
<record>
  <date>2019-08-29T12:58:59</date>
  <millis>1567058339591</millis>
  <sequence>52</sequence>
  <level>PASSED</level>
  <class>com.kms.katalon.core.logging.XmlKeywordLogger</class>
  <method>logMessage</method>
  <thread>1</thread>
  <message>User Input id : 1000</message>
  <nestedLevel>2</nestedLevel>
</record>
<record>
  <date>2019-08-29T12:58:59</date>
  <millis>1567058339602</millis>
  <sequence>53</sequence>
  <level>END</level>
  <class>com.kms.katalon.core.logging.XmlKeywordLogger</class>
  <method>endKeyword</method>
  <thread>1</thread>
  <message>End End action : User Input id : 1000</message>
  <nestedLevel>2</nestedLevel>
</record>
<record>
  <date>2019-08-29T12:58:59</date>
  <millis>1567058339604</millis>
  <sequence>54</sequence>
  <level>START</level>
  <class>com.kms.katalon.core.logging.XmlKeywordLogger</class>
  <method>startKeyword</method>
  <thread>1</thread>
  <message>Start action : Request body : {\&amp;quot;key\&amp;quot;:\&amp;quot;value\&amp;quot;}</message>
  <nestedLevel>2</nestedLevel>
</record>
<record>
  <date>2019-08-29T12:58:59</date>
  <millis>1567058339607</millis>
  <sequence>55</sequence>
  <level>PASSED</level>
  <class>com.kms.katalon.core.logging.XmlKeywordLogger</class>
  <method>logMessage</method>
  <thread>1</thread>
  <message>Request body : {\&amp;quot;key\&amp;quot;:\&amp;quot;value\&amp;quot;}</message>
  <nestedLevel>2</nestedLevel>
</record>
<record>
  <date>2019-08-29T12:58:59</date>
  <millis>1567058339607</millis>
  <sequence>56</sequence>
  <level>END</level>
  <class>com.kms.katalon.core.logging.XmlKeywordLogger</class>
  <method>endKeyword</method>
  <thread>1</thread>
  <message>End End action : Request body : {\&amp;quot;key\&amp;quot;:\&amp;quot;value\&amp;quot;}</message>
  <nestedLevel>2</nestedLevel>
</record>
<record>
  <date>2019-08-29T12:58:59</date>
  <millis>1567058339609</millis>
  <sequence>57</sequence>
  <level>START</level>
  <class>com.kms.katalon.core.logging.XmlKeywordLogger</class>
  <method>startKeyword</method>
  <thread>1</thread>
  <message>Start action : Send request</message>
  <nestedLevel>2</nestedLevel>
</record>
<record>
  <date>2019-08-29T12:59:00</date>
  <millis>1567058340359</millis>
  <sequence>60</sequence>
  <level>INFO</level>
  <class>com.kms.katalon.core.logging.XmlKeywordLogger</class>
  <method>logMessage</method>
  <thread>1</thread>
  <message>HAR: /Users/reinard/Documents/Katalon Project/Trunko/Reports/API Biller CRUD/20190829_125839/requests/main/1.har</message>
  <nestedLevel>2</nestedLevel>
  <property name="harId">137bdb31-8739-4d80-a66f-3539c6bab363</property>
</record>
<record>
  <date>2019-08-29T12:59:00</date>
  <millis>1567058340363</millis>
  <sequence>61</sequence>
  <level>PASSED</level>
  <class>com.kms.katalon.core.logging.XmlKeywordLogger</class>
  <method>logMessage</method>
  <thread>1</thread>
  <message>Send request successfully</message>
  <nestedLevel>2</nestedLevel>
</record>
<record>
  <date>2019-08-29T12:59:00</date>
  <millis>1567058340364</millis>
  <sequence>62</sequence>
  <level>PASSED</level>
  <class>com.kms.katalon.core.logging.XmlKeywordLogger</class>
  <method>logMessage</method>
  <thread>1</thread>
  <message>Send request</message>
  <nestedLevel>2</nestedLevel>
</record>
<record>
  <date>2019-08-29T12:59:00</date>
  <millis>1567058340365</millis>
  <sequence>63</sequence>
  <level>END</level>
  <class>com.kms.katalon.core.logging.XmlKeywordLogger</class>
  <method>endKeyword</method>
  <thread>1</thread>
  <message>End End action : Send request</message>
  <nestedLevel>2</nestedLevel>
</record>
<record>
  <date>2019-08-29T12:59:00</date>
  <millis>1567058340366</millis>
  <sequence>64</sequence>
  <level>START</level>
  <class>com.kms.katalon.core.logging.XmlKeywordLogger</class>
  <method>startKeyword</method>
  <thread>1</thread>
  <message>Start action : User Get Http response code : 400</message>
  <nestedLevel>2</nestedLevel>
</record>
<record>
  <date>2019-08-29T12:59:00</date>
  <millis>1567058340368</millis>
  <sequence>66</sequence>
  <level>PASSED</level>
  <class>com.kms.katalon.core.logging.XmlKeywordLogger</class>
  <method>logMessage</method>
  <thread>1</thread>
  <message>Verify response status code successfully</message>
  <nestedLevel>2</nestedLevel>
</record>
<record>
  <date>2019-08-29T12:59:00</date>
  <millis>1567058340369</millis>
  <sequence>67</sequence>
  <level>PASSED</level>
  <class>com.kms.katalon.core.logging.XmlKeywordLogger</class>
  <method>logMessage</method>
  <thread>1</thread>
  <message>User Get Http response code : 400</message>
  <nestedLevel>2</nestedLevel>
</record>
<record>
  <date>2019-08-29T12:59:00</date>
  <millis>1567058340369</millis>
  <sequence>68</sequence>
  <level>END</level>
  <class>com.kms.katalon.core.logging.XmlKeywordLogger</class>
  <method>endKeyword</method>
  <thread>1</thread>
  <message>End End action : User Get Http response code : 400</message>
  <nestedLevel>2</nestedLevel>
</record>
<record>
  <date>2019-08-29T12:59:00</date>
  <millis>1567058340371</millis>
  <sequence>69</sequence>
  <level>PASSED</level>
  <class>com.kms.katalon.core.logging.XmlKeywordLogger</class>
  <method>logMessage</method>
  <thread>1</thread>
  <message>SCENARIO Update Biller Config Failed</message>
  <nestedLevel>2</nestedLevel>
</record>
<record>
  <date>2019-08-29T12:59:00</date>
  <millis>1567058340371</millis>
  <sequence>70</sequence>
  <level>END</level>
  <class>com.kms.katalon.core.logging.XmlKeywordLogger</class>
  <method>endTest</method>
  <thread>1</thread>
  <message>End Test Case : SCENARIO Update Biller Config Failed</message>
  <nestedLevel>1</nestedLevel>
</record>
<record>
  <date>2019-08-29T12:59:00</date>
  <millis>1567058340373</millis>
  <sequence>71</sequence>
  <level>START</level>
  <class>com.kms.katalon.core.logging.XmlKeywordLogger</class>
  <method>startTest</method>
  <thread>1</thread>
  <message>Start Test Case : SCENARIO Update Biller Config Failed</message>
  <nestedLevel>2</nestedLevel>
</record>
<record>
  <date>2019-08-29T12:59:00</date>
  <millis>1567058340373</millis>
  <sequence>72</sequence>
  <level>START</level>
  <class>com.kms.katalon.core.logging.XmlKeywordLogger</class>
  <method>startKeyword</method>
  <thread>1</thread>
  <message>Start action : url : https://trunko.sumpahpalapa.com/biller/id/config</message>
  <nestedLevel>2</nestedLevel>
</record>
<record>
  <date>2019-08-29T12:59:00</date>
  <millis>1567058340374</millis>
  <sequence>73</sequence>
  <level>PASSED</level>
  <class>com.kms.katalon.core.logging.XmlKeywordLogger</class>
  <method>logMessage</method>
  <thread>1</thread>
  <message>url : https://trunko.sumpahpalapa.com/biller/id/config</message>
  <nestedLevel>2</nestedLevel>
</record>
<record>
  <date>2019-08-29T12:59:00</date>
  <millis>1567058340378</millis>
  <sequence>74</sequence>
  <level>END</level>
  <class>com.kms.katalon.core.logging.XmlKeywordLogger</class>
  <method>endKeyword</method>
  <thread>1</thread>
  <message>End End action : url : https://trunko.sumpahpalapa.com/biller/id/config</message>
  <nestedLevel>2</nestedLevel>
</record>
<record>
  <date>2019-08-29T12:59:00</date>
  <millis>1567058340379</millis>
  <sequence>75</sequence>
  <level>START</level>
  <class>com.kms.katalon.core.logging.XmlKeywordLogger</class>
  <method>startKeyword</method>
  <thread>1</thread>
  <message>Start action : Method : POST</message>
  <nestedLevel>2</nestedLevel>
</record>
<record>
  <date>2019-08-29T12:59:00</date>
  <millis>1567058340380</millis>
  <sequence>76</sequence>
  <level>PASSED</level>
  <class>com.kms.katalon.core.logging.XmlKeywordLogger</class>
  <method>logMessage</method>
  <thread>1</thread>
  <message>Method : POST</message>
  <nestedLevel>2</nestedLevel>
</record>
<record>
  <date>2019-08-29T12:59:00</date>
  <millis>1567058340383</millis>
  <sequence>77</sequence>
  <level>END</level>
  <class>com.kms.katalon.core.logging.XmlKeywordLogger</class>
  <method>endKeyword</method>
  <thread>1</thread>
  <message>End End action : Method : POST</message>
  <nestedLevel>2</nestedLevel>
</record>
<record>
  <date>2019-08-29T12:59:00</date>
  <millis>1567058340384</millis>
  <sequence>78</sequence>
  <level>START</level>
  <class>com.kms.katalon.core.logging.XmlKeywordLogger</class>
  <method>startKeyword</method>
  <thread>1</thread>
  <message>Start action : User Input id : 63</message>
  <nestedLevel>2</nestedLevel>
</record>
<record>
  <date>2019-08-29T12:59:00</date>
  <millis>1567058340385</millis>
  <sequence>79</sequence>
  <level>PASSED</level>
  <class>com.kms.katalon.core.logging.XmlKeywordLogger</class>
  <method>logMessage</method>
  <thread>1</thread>
  <message>User Input id : 63</message>
  <nestedLevel>2</nestedLevel>
</record>
<record>
  <date>2019-08-29T12:59:00</date>
  <millis>1567058340386</millis>
  <sequence>80</sequence>
  <level>END</level>
  <class>com.kms.katalon.core.logging.XmlKeywordLogger</class>
  <method>endKeyword</method>
  <thread>1</thread>
  <message>End End action : User Input id : 63</message>
  <nestedLevel>2</nestedLevel>
</record>
<record>
  <date>2019-08-29T12:59:00</date>
  <millis>1567058340387</millis>
  <sequence>81</sequence>
  <level>START</level>
  <class>com.kms.katalon.core.logging.XmlKeywordLogger</class>
  <method>startKeyword</method>
  <thread>1</thread>
  <message>Start action : Request body : testError</message>
  <nestedLevel>2</nestedLevel>
</record>
<record>
  <date>2019-08-29T12:59:00</date>
  <millis>1567058340388</millis>
  <sequence>82</sequence>
  <level>PASSED</level>
  <class>com.kms.katalon.core.logging.XmlKeywordLogger</class>
  <method>logMessage</method>
  <thread>1</thread>
  <message>Request body : testError</message>
  <nestedLevel>2</nestedLevel>
</record>
<record>
  <date>2019-08-29T12:59:00</date>
  <millis>1567058340389</millis>
  <sequence>83</sequence>
  <level>END</level>
  <class>com.kms.katalon.core.logging.XmlKeywordLogger</class>
  <method>endKeyword</method>
  <thread>1</thread>
  <message>End End action : Request body : testError</message>
  <nestedLevel>2</nestedLevel>
</record>
<record>
  <date>2019-08-29T12:59:00</date>
  <millis>1567058340390</millis>
  <sequence>84</sequence>
  <level>START</level>
  <class>com.kms.katalon.core.logging.XmlKeywordLogger</class>
  <method>startKeyword</method>
  <thread>1</thread>
  <message>Start action : Send request</message>
  <nestedLevel>2</nestedLevel>
</record>
<record>
  <date>2019-08-29T12:59:00</date>
  <millis>1567058340665</millis>
  <sequence>87</sequence>
  <level>INFO</level>
  <class>com.kms.katalon.core.logging.XmlKeywordLogger</class>
  <method>logMessage</method>
  <thread>1</thread>
  <message>HAR: /Users/reinard/Documents/Katalon Project/Trunko/Reports/API Biller CRUD/20190829_125839/requests/main/2.har</message>
  <nestedLevel>2</nestedLevel>
  <property name="harId">1561c8a1-78d8-426a-93ea-b18bb69f3649</property>
</record>
<record>
  <date>2019-08-29T12:59:00</date>
  <millis>1567058340667</millis>
  <sequence>88</sequence>
  <level>PASSED</level>
  <class>com.kms.katalon.core.logging.XmlKeywordLogger</class>
  <method>logMessage</method>
  <thread>1</thread>
  <message>Send request successfully</message>
  <nestedLevel>2</nestedLevel>
</record>
<record>
  <date>2019-08-29T12:59:00</date>
  <millis>1567058340668</millis>
  <sequence>89</sequence>
  <level>PASSED</level>
  <class>com.kms.katalon.core.logging.XmlKeywordLogger</class>
  <method>logMessage</method>
  <thread>1</thread>
  <message>Send request</message>
  <nestedLevel>2</nestedLevel>
</record>
<record>
  <date>2019-08-29T12:59:00</date>
  <millis>1567058340668</millis>
  <sequence>90</sequence>
  <level>END</level>
  <class>com.kms.katalon.core.logging.XmlKeywordLogger</class>
  <method>endKeyword</method>
  <thread>1</thread>
  <message>End End action : Send request</message>
  <nestedLevel>2</nestedLevel>
</record>
<record>
  <date>2019-08-29T12:59:00</date>
  <millis>1567058340669</millis>
  <sequence>91</sequence>
  <level>START</level>
  <class>com.kms.katalon.core.logging.XmlKeywordLogger</class>
  <method>startKeyword</method>
  <thread>1</thread>
  <message>Start action : User Get Http response code : 500</message>
  <nestedLevel>2</nestedLevel>
</record>
<record>
  <date>2019-08-29T12:59:00</date>
  <millis>1567058340671</millis>
  <sequence>93</sequence>
  <level>PASSED</level>
  <class>com.kms.katalon.core.logging.XmlKeywordLogger</class>
  <method>logMessage</method>
  <thread>1</thread>
  <message>Verify response status code successfully</message>
  <nestedLevel>2</nestedLevel>
</record>
<record>
  <date>2019-08-29T12:59:00</date>
  <millis>1567058340672</millis>
  <sequence>94</sequence>
  <level>PASSED</level>
  <class>com.kms.katalon.core.logging.XmlKeywordLogger</class>
  <method>logMessage</method>
  <thread>1</thread>
  <message>User Get Http response code : 500</message>
  <nestedLevel>2</nestedLevel>
</record>
<record>
  <date>2019-08-29T12:59:00</date>
  <millis>1567058340672</millis>
  <sequence>95</sequence>
  <level>END</level>
  <class>com.kms.katalon.core.logging.XmlKeywordLogger</class>
  <method>endKeyword</method>
  <thread>1</thread>
  <message>End End action : User Get Http response code : 500</message>
  <nestedLevel>2</nestedLevel>
</record>
<record>
  <date>2019-08-29T12:59:00</date>
  <millis>1567058340673</millis>
  <sequence>96</sequence>
  <level>PASSED</level>
  <class>com.kms.katalon.core.logging.XmlKeywordLogger</class>
  <method>logMessage</method>
  <thread>1</thread>
  <message>SCENARIO Update Biller Config Failed</message>
  <nestedLevel>2</nestedLevel>
</record>
<record>
  <date>2019-08-29T12:59:00</date>
  <millis>1567058340674</millis>
  <sequence>97</sequence>
  <level>END</level>
  <class>com.kms.katalon.core.logging.XmlKeywordLogger</class>
  <method>endTest</method>
  <thread>1</thread>
  <message>End Test Case : SCENARIO Update Biller Config Failed</message>
  <nestedLevel>1</nestedLevel>
</record>
<record>
  <date>2019-08-29T12:59:00</date>
  <millis>1567058340692</millis>
  <sequence>98</sequence>
  <level>PASSED</level>
  <class>com.kms.katalon.core.logging.XmlKeywordLogger</class>
  <method>logMessage</method>
  <thread>1</thread>
  <message>Feature file: &amp;apos;Include/features/API Biller CRUD/Update Biller Config Failed.feature&amp;apos; was passed</message>
  <nestedLevel>1</nestedLevel>
</record>
<record>
  <date>2019-08-29T12:59:00</date>
  <millis>1567058340692</millis>
  <sequence>99</sequence>
  <level>END</level>
  <class>com.kms.katalon.core.logging.XmlKeywordLogger</class>
  <method>endKeyword</method>
  <thread>1</thread>
  <message>End action : runFeatureFile(\&amp;quot;Include/features/API Biller CRUD/Update Biller Config Failed.feature\&amp;quot;)</message>
  <nestedLevel>1</nestedLevel>
</record>
<record>
  <date>2019-08-29T12:59:00</date>
  <millis>1567058340693</millis>
  <sequence>100</sequence>
  <level>PASSED</level>
  <class>com.kms.katalon.core.logging.XmlKeywordLogger</class>
  <method>logMessage</method>
  <thread>1</thread>
  <message>Test Cases/API Biller CRUD/Update Biller Config Failed</message>
  <nestedLevel>1</nestedLevel>
</record>
<record>
  <date>2019-08-29T12:59:00</date>
  <millis>1567058340693</millis>
  <sequence>101</sequence>
  <level>END</level>
  <class>com.kms.katalon.core.logging.XmlKeywordLogger</class>
  <method>endTest</method>
  <thread>1</thread>
  <message>End Test Case : Test Cases/API Biller CRUD/Update Biller Config Failed</message>
  <nestedLevel>0</nestedLevel>
</record>
<record>
  <date>2019-08-29T12:59:00</date>
  <millis>1567058340701</millis>
  <sequence>102</sequence>
  <level>START</level>
  <class>com.kms.katalon.core.logging.XmlKeywordLogger</class>
  <method>startTest</method>
  <thread>1</thread>
  <message>Start Test Case : Test Cases/API Biller CRUD/Get Biller List Success</message>
  <nestedLevel>1</nestedLevel>
  <property name="name">Test Cases/API Biller CRUD/Get Biller List Success</property>
  <property name="description"></property>
  <property name="id">Test Cases/API Biller CRUD/Get Biller List Success</property>
  <property name="source">\\Users\\reinard\\Documents\\Katalon Project\\Trunko\\Test Cases\\API Biller CRUD\\Get Biller List Success.tc</property>
  <property name="tag"></property>
  <property name="isOptional">false</property>
</record>
<record>
  <date>2019-08-29T12:59:00</date>
  <millis>1567058340911</millis>
  <sequence>104</sequence>
  <level>START</level>
  <class>com.kms.katalon.core.logging.XmlKeywordLogger</class>
  <method>startKeyword</method>
  <thread>1</thread>
  <message>Start action : runFeatureFile(\&amp;quot;Include/features/API Biller CRUD/Get Biller List Success.feature\&amp;quot;)</message>
  <nestedLevel>1</nestedLevel>
  <property name="startLine">16</property>
  <property name="stepIndex">1</property>
</record>
<record>
  <date>2019-08-29T12:59:00</date>
  <millis>1567058340913</millis>
  <sequence>105</sequence>
  <level>INFO</level>
  <class>com.kms.katalon.core.logging.XmlKeywordLogger</class>
  <method>logMessage</method>
  <thread>1</thread>
  <message>Starting run keyword runFeatureFile: &amp;apos;Include/features/API Biller CRUD/Get Biller List Success.feature&amp;apos; and extract report to folder: &amp;apos;/Users/reinard/Documents/Katalon Project/Trunko/Reports/API Biller CRUD/20190829_125839/cucumber_report/1567058340913&amp;apos;...</message>
  <nestedLevel>1</nestedLevel>
</record>
<record>
  <date>2019-08-29T12:59:01</date>
  <millis>1567058341034</millis>
  <sequence>106</sequence>
  <level>START</level>
  <class>com.kms.katalon.core.logging.XmlKeywordLogger</class>
  <method>startTest</method>
  <thread>1</thread>
  <message>Start Test Case : SCENARIO Get Biller List Success</message>
  <nestedLevel>2</nestedLevel>
</record>
<record>
  <date>2019-08-29T12:59:01</date>
  <millis>1567058341037</millis>
  <sequence>107</sequence>
  <level>START</level>
  <class>com.kms.katalon.core.logging.XmlKeywordLogger</class>
  <method>startKeyword</method>
  <thread>1</thread>
  <message>Start action : url : https://trunko.sumpahpalapa.com/biller/</message>
  <nestedLevel>2</nestedLevel>
</record>
<record>
  <date>2019-08-29T12:59:01</date>
  <millis>1567058341038</millis>
  <sequence>108</sequence>
  <level>PASSED</level>
  <class>com.kms.katalon.core.logging.XmlKeywordLogger</class>
  <method>logMessage</method>
  <thread>1</thread>
  <message>url : https://trunko.sumpahpalapa.com/biller/</message>
  <nestedLevel>2</nestedLevel>
</record>
<record>
  <date>2019-08-29T12:59:01</date>
  <millis>1567058341039</millis>
  <sequence>109</sequence>
  <level>END</level>
  <class>com.kms.katalon.core.logging.XmlKeywordLogger</class>
  <method>endKeyword</method>
  <thread>1</thread>
  <message>End End action : url : https://trunko.sumpahpalapa.com/biller/</message>
  <nestedLevel>2</nestedLevel>
</record>
<record>
  <date>2019-08-29T12:59:01</date>
  <millis>1567058341040</millis>
  <sequence>110</sequence>
  <level>START</level>
  <class>com.kms.katalon.core.logging.XmlKeywordLogger</class>
  <method>startKeyword</method>
  <thread>1</thread>
  <message>Start action : Method : GET</message>
  <nestedLevel>2</nestedLevel>
</record>
<record>
  <date>2019-08-29T12:59:01</date>
  <millis>1567058341041</millis>
  <sequence>111</sequence>
  <level>PASSED</level>
  <class>com.kms.katalon.core.logging.XmlKeywordLogger</class>
  <method>logMessage</method>
  <thread>1</thread>
  <message>Method : GET</message>
  <nestedLevel>2</nestedLevel>
</record>
<record>
  <date>2019-08-29T12:59:01</date>
  <millis>1567058341041</millis>
  <sequence>112</sequence>
  <level>END</level>
  <class>com.kms.katalon.core.logging.XmlKeywordLogger</class>
  <method>endKeyword</method>
  <thread>1</thread>
  <message>End End action : Method : GET</message>
  <nestedLevel>2</nestedLevel>
</record>
<record>
  <date>2019-08-29T12:59:01</date>
  <millis>1567058341042</millis>
  <sequence>113</sequence>
  <level>START</level>
  <class>com.kms.katalon.core.logging.XmlKeywordLogger</class>
  <method>startKeyword</method>
  <thread>1</thread>
  <message>Start action : User send request</message>
  <nestedLevel>2</nestedLevel>
</record>
<record>
  <date>2019-08-29T12:59:01</date>
  <millis>1567058341688</millis>
  <sequence>116</sequence>
  <level>INFO</level>
  <class>com.kms.katalon.core.logging.XmlKeywordLogger</class>
  <method>logMessage</method>
  <thread>1</thread>
  <message>HAR: /Users/reinard/Documents/Katalon Project/Trunko/Reports/API Biller CRUD/20190829_125839/requests/main/3.har</message>
  <nestedLevel>2</nestedLevel>
  <property name="harId">192b233f-32e0-475e-b3ed-569fa611b2ff</property>
</record>
<record>
  <date>2019-08-29T12:59:01</date>
  <millis>1567058341695</millis>
  <sequence>117</sequence>
  <level>PASSED</level>
  <class>com.kms.katalon.core.logging.XmlKeywordLogger</class>
  <method>logMessage</method>
  <thread>1</thread>
  <message>Send request successfully</message>
  <nestedLevel>2</nestedLevel>
</record>
<record>
  <date>2019-08-29T12:59:01</date>
  <millis>1567058341696</millis>
  <sequence>118</sequence>
  <level>PASSED</level>
  <class>com.kms.katalon.core.logging.XmlKeywordLogger</class>
  <method>logMessage</method>
  <thread>1</thread>
  <message>User send request</message>
  <nestedLevel>2</nestedLevel>
</record>
<record>
  <date>2019-08-29T12:59:01</date>
  <millis>1567058341696</millis>
  <sequence>119</sequence>
  <level>END</level>
  <class>com.kms.katalon.core.logging.XmlKeywordLogger</class>
  <method>endKeyword</method>
  <thread>1</thread>
  <message>End End action : User send request</message>
  <nestedLevel>2</nestedLevel>
</record>
<record>
  <date>2019-08-29T12:59:01</date>
  <millis>1567058341697</millis>
  <sequence>120</sequence>
  <level>START</level>
  <class>com.kms.katalon.core.logging.XmlKeywordLogger</class>
  <method>startKeyword</method>
  <thread>1</thread>
  <message>Start action : User Get Http response code : 200</message>
  <nestedLevel>2</nestedLevel>
</record>
<record>
  <date>2019-08-29T12:59:01</date>
  <millis>1567058341700</millis>
  <sequence>122</sequence>
  <level>PASSED</level>
  <class>com.kms.katalon.core.logging.XmlKeywordLogger</class>
  <method>logMessage</method>
  <thread>1</thread>
  <message>Verify response status code successfully</message>
  <nestedLevel>2</nestedLevel>
</record>
<record>
  <date>2019-08-29T12:59:01</date>
  <millis>1567058341701</millis>
  <sequence>123</sequence>
  <level>PASSED</level>
  <class>com.kms.katalon.core.logging.XmlKeywordLogger</class>
  <method>logMessage</method>
  <thread>1</thread>
  <message>User Get Http response code : 200</message>
  <nestedLevel>2</nestedLevel>
</record>
<record>
  <date>2019-08-29T12:59:01</date>
  <millis>1567058341701</millis>
  <sequence>124</sequence>
  <level>END</level>
  <class>com.kms.katalon.core.logging.XmlKeywordLogger</class>
  <method>endKeyword</method>
  <thread>1</thread>
  <message>End End action : User Get Http response code : 200</message>
  <nestedLevel>2</nestedLevel>
</record>
<record>
  <date>2019-08-29T12:59:01</date>
  <millis>1567058341703</millis>
  <sequence>125</sequence>
  <level>START</level>
  <class>com.kms.katalon.core.logging.XmlKeywordLogger</class>
  <method>startKeyword</method>
  <thread>1</thread>
  <message>Start action : List of Biller</message>
  <nestedLevel>2</nestedLevel>
</record>
<record>
  <date>2019-08-29T12:59:01</date>
  <millis>1567058341703</millis>
  <sequence>126</sequence>
  <level>PASSED</level>
  <class>com.kms.katalon.core.logging.XmlKeywordLogger</class>
  <method>logMessage</method>
  <thread>1</thread>
  <message>List of Biller</message>
  <nestedLevel>2</nestedLevel>
</record>
<record>
  <date>2019-08-29T12:59:01</date>
  <millis>1567058341704</millis>
  <sequence>127</sequence>
  <level>END</level>
  <class>com.kms.katalon.core.logging.XmlKeywordLogger</class>
  <method>endKeyword</method>
  <thread>1</thread>
  <message>End End action : List of Biller</message>
  <nestedLevel>2</nestedLevel>
</record>
<record>
  <date>2019-08-29T12:59:01</date>
  <millis>1567058341704</millis>
  <sequence>128</sequence>
  <level>PASSED</level>
  <class>com.kms.katalon.core.logging.XmlKeywordLogger</class>
  <method>logMessage</method>
  <thread>1</thread>
  <message>SCENARIO Get Biller List Success</message>
  <nestedLevel>2</nestedLevel>
</record>
<record>
  <date>2019-08-29T12:59:01</date>
  <millis>1567058341705</millis>
  <sequence>129</sequence>
  <level>END</level>
  <class>com.kms.katalon.core.logging.XmlKeywordLogger</class>
  <method>endTest</method>
  <thread>1</thread>
  <message>End Test Case : SCENARIO Get Biller List Success</message>
  <nestedLevel>1</nestedLevel>
</record>
<record>
  <date>2019-08-29T12:59:01</date>
  <millis>1567058341716</millis>
  <sequence>130</sequence>
  <level>PASSED</level>
  <class>com.kms.katalon.core.logging.XmlKeywordLogger</class>
  <method>logMessage</method>
  <thread>1</thread>
  <message>Feature file: &amp;apos;Include/features/API Biller CRUD/Get Biller List Success.feature&amp;apos; was passed</message>
  <nestedLevel>1</nestedLevel>
</record>
<record>
  <date>2019-08-29T12:59:01</date>
  <millis>1567058341717</millis>
  <sequence>131</sequence>
  <level>END</level>
  <class>com.kms.katalon.core.logging.XmlKeywordLogger</class>
  <method>endKeyword</method>
  <thread>1</thread>
  <message>End action : runFeatureFile(\&amp;quot;Include/features/API Biller CRUD/Get Biller List Success.feature\&amp;quot;)</message>
  <nestedLevel>1</nestedLevel>
</record>
<record>
  <date>2019-08-29T12:59:01</date>
  <millis>1567058341717</millis>
  <sequence>132</sequence>
  <level>PASSED</level>
  <class>com.kms.katalon.core.logging.XmlKeywordLogger</class>
  <method>logMessage</method>
  <thread>1</thread>
  <message>Test Cases/API Biller CRUD/Get Biller List Success</message>
  <nestedLevel>1</nestedLevel>
</record>
<record>
  <date>2019-08-29T12:59:01</date>
  <millis>1567058341719</millis>
  <sequence>133</sequence>
  <level>END</level>
  <class>com.kms.katalon.core.logging.XmlKeywordLogger</class>
  <method>endTest</method>
  <thread>1</thread>
  <message>End Test Case : Test Cases/API Biller CRUD/Get Biller List Success</message>
  <nestedLevel>0</nestedLevel>
</record>
<record>
  <date>2019-08-29T12:59:01</date>
  <millis>1567058341725</millis>
  <sequence>134</sequence>
  <level>START</level>
  <class>com.kms.katalon.core.logging.XmlKeywordLogger</class>
  <method>startTest</method>
  <thread>1</thread>
  <message>Start Test Case : Test Cases/API Biller CRUD/Update Biller Config Success</message>
  <nestedLevel>1</nestedLevel>
  <property name="name">Test Cases/API Biller CRUD/Update Biller Config Success</property>
  <property name="description"></property>
  <property name="id">Test Cases/API Biller CRUD/Update Biller Config Success</property>
  <property name="source">\\Users\\reinard\\Documents\\Katalon Project\\Trunko\\Test Cases\\API Biller CRUD\\Update Biller Config Success.tc</property>
  <property name="tag"></property>
  <property name="isOptional">false</property>
</record>
<record>
  <date>2019-08-29T12:59:01</date>
  <millis>1567058341941</millis>
  <sequence>136</sequence>
  <level>START</level>
  <class>com.kms.katalon.core.logging.XmlKeywordLogger</class>
  <method>startKeyword</method>
  <thread>1</thread>
  <message>Start action : runFeatureFile(\&amp;quot;Include/features/API Biller CRUD/Update Biller Config Success.feature\&amp;quot;)</message>
  <nestedLevel>1</nestedLevel>
  <property name="startLine">16</property>
  <property name="stepIndex">1</property>
</record>
<record>
  <date>2019-08-29T12:59:01</date>
  <millis>1567058341943</millis>
  <sequence>137</sequence>
  <level>INFO</level>
  <class>com.kms.katalon.core.logging.XmlKeywordLogger</class>
  <method>logMessage</method>
  <thread>1</thread>
  <message>Starting run keyword runFeatureFile: &amp;apos;Include/features/API Biller CRUD/Update Biller Config Success.feature&amp;apos; and extract report to folder: &amp;apos;/Users/reinard/Documents/Katalon Project/Trunko/Reports/API Biller CRUD/20190829_125839/cucumber_report/1567058341942&amp;apos;...</message>
  <nestedLevel>1</nestedLevel>
</record>
<record>
  <date>2019-08-29T12:59:02</date>
  <millis>1567058342070</millis>
  <sequence>138</sequence>
  <level>START</level>
  <class>com.kms.katalon.core.logging.XmlKeywordLogger</class>
  <method>startTest</method>
  <thread>1</thread>
  <message>Start Test Case : SCENARIO Update Biller Config Success</message>
  <nestedLevel>2</nestedLevel>
</record>
<record>
  <date>2019-08-29T12:59:02</date>
  <millis>1567058342072</millis>
  <sequence>139</sequence>
  <level>START</level>
  <class>com.kms.katalon.core.logging.XmlKeywordLogger</class>
  <method>startKeyword</method>
  <thread>1</thread>
  <message>Start action : url : https://trunko.sumpahpalapa.com/biller/id/config</message>
  <nestedLevel>2</nestedLevel>
</record>
<record>
  <date>2019-08-29T12:59:02</date>
  <millis>1567058342073</millis>
  <sequence>140</sequence>
  <level>PASSED</level>
  <class>com.kms.katalon.core.logging.XmlKeywordLogger</class>
  <method>logMessage</method>
  <thread>1</thread>
  <message>url : https://trunko.sumpahpalapa.com/biller/id/config</message>
  <nestedLevel>2</nestedLevel>
</record>
<record>
  <date>2019-08-29T12:59:02</date>
  <millis>1567058342073</millis>
  <sequence>141</sequence>
  <level>END</level>
  <class>com.kms.katalon.core.logging.XmlKeywordLogger</class>
  <method>endKeyword</method>
  <thread>1</thread>
  <message>End End action : url : https://trunko.sumpahpalapa.com/biller/id/config</message>
  <nestedLevel>2</nestedLevel>
</record>
<record>
  <date>2019-08-29T12:59:02</date>
  <millis>1567058342074</millis>
  <sequence>142</sequence>
  <level>START</level>
  <class>com.kms.katalon.core.logging.XmlKeywordLogger</class>
  <method>startKeyword</method>
  <thread>1</thread>
  <message>Start action : Method : POST</message>
  <nestedLevel>2</nestedLevel>
</record>
<record>
  <date>2019-08-29T12:59:02</date>
  <millis>1567058342075</millis>
  <sequence>143</sequence>
  <level>PASSED</level>
  <class>com.kms.katalon.core.logging.XmlKeywordLogger</class>
  <method>logMessage</method>
  <thread>1</thread>
  <message>Method : POST</message>
  <nestedLevel>2</nestedLevel>
</record>
<record>
  <date>2019-08-29T12:59:02</date>
  <millis>1567058342075</millis>
  <sequence>144</sequence>
  <level>END</level>
  <class>com.kms.katalon.core.logging.XmlKeywordLogger</class>
  <method>endKeyword</method>
  <thread>1</thread>
  <message>End End action : Method : POST</message>
  <nestedLevel>2</nestedLevel>
</record>
<record>
  <date>2019-08-29T12:59:02</date>
  <millis>1567058342081</millis>
  <sequence>145</sequence>
  <level>START</level>
  <class>com.kms.katalon.core.logging.XmlKeywordLogger</class>
  <method>startKeyword</method>
  <thread>1</thread>
  <message>Start action : User Input id : 8</message>
  <nestedLevel>2</nestedLevel>
</record>
<record>
  <date>2019-08-29T12:59:02</date>
  <millis>1567058342082</millis>
  <sequence>146</sequence>
  <level>PASSED</level>
  <class>com.kms.katalon.core.logging.XmlKeywordLogger</class>
  <method>logMessage</method>
  <thread>1</thread>
  <message>User Input id : 8</message>
  <nestedLevel>2</nestedLevel>
</record>
<record>
  <date>2019-08-29T12:59:02</date>
  <millis>1567058342083</millis>
  <sequence>147</sequence>
  <level>END</level>
  <class>com.kms.katalon.core.logging.XmlKeywordLogger</class>
  <method>endKeyword</method>
  <thread>1</thread>
  <message>End End action : User Input id : 8</message>
  <nestedLevel>2</nestedLevel>
</record>
<record>
  <date>2019-08-29T12:59:02</date>
  <millis>1567058342084</millis>
  <sequence>148</sequence>
  <level>START</level>
  <class>com.kms.katalon.core.logging.XmlKeywordLogger</class>
  <method>startKeyword</method>
  <thread>1</thread>
  <message>Start action : Request body : {\&amp;quot;Key\&amp;quot;:\&amp;quot;Value\&amp;quot;}</message>
  <nestedLevel>2</nestedLevel>
</record>
<record>
  <date>2019-08-29T12:59:02</date>
  <millis>1567058342085</millis>
  <sequence>149</sequence>
  <level>PASSED</level>
  <class>com.kms.katalon.core.logging.XmlKeywordLogger</class>
  <method>logMessage</method>
  <thread>1</thread>
  <message>Request body : {\&amp;quot;Key\&amp;quot;:\&amp;quot;Value\&amp;quot;}</message>
  <nestedLevel>2</nestedLevel>
</record>
<record>
  <date>2019-08-29T12:59:02</date>
  <millis>1567058342087</millis>
  <sequence>150</sequence>
  <level>END</level>
  <class>com.kms.katalon.core.logging.XmlKeywordLogger</class>
  <method>endKeyword</method>
  <thread>1</thread>
  <message>End End action : Request body : {\&amp;quot;Key\&amp;quot;:\&amp;quot;Value\&amp;quot;}</message>
  <nestedLevel>2</nestedLevel>
</record>
<record>
  <date>2019-08-29T12:59:02</date>
  <millis>1567058342088</millis>
  <sequence>151</sequence>
  <level>START</level>
  <class>com.kms.katalon.core.logging.XmlKeywordLogger</class>
  <method>startKeyword</method>
  <thread>1</thread>
  <message>Start action : Send request</message>
  <nestedLevel>2</nestedLevel>
</record>
<record>
  <date>2019-08-29T12:59:02</date>
  <millis>1567058342823</millis>
  <sequence>154</sequence>
  <level>INFO</level>
  <class>com.kms.katalon.core.logging.XmlKeywordLogger</class>
  <method>logMessage</method>
  <thread>1</thread>
  <message>HAR: /Users/reinard/Documents/Katalon Project/Trunko/Reports/API Biller CRUD/20190829_125839/requests/main/4.har</message>
  <nestedLevel>2</nestedLevel>
  <property name="harId">5d3f2882-cac2-497e-ab66-6a6e4358f286</property>
</record>
<record>
  <date>2019-08-29T12:59:02</date>
  <millis>1567058342826</millis>
  <sequence>155</sequence>
  <level>PASSED</level>
  <class>com.kms.katalon.core.logging.XmlKeywordLogger</class>
  <method>logMessage</method>
  <thread>1</thread>
  <message>Send request successfully</message>
  <nestedLevel>2</nestedLevel>
</record>
<record>
  <date>2019-08-29T12:59:02</date>
  <millis>1567058342827</millis>
  <sequence>156</sequence>
  <level>PASSED</level>
  <class>com.kms.katalon.core.logging.XmlKeywordLogger</class>
  <method>logMessage</method>
  <thread>1</thread>
  <message>Send request</message>
  <nestedLevel>2</nestedLevel>
</record>
<record>
  <date>2019-08-29T12:59:02</date>
  <millis>1567058342827</millis>
  <sequence>157</sequence>
  <level>END</level>
  <class>com.kms.katalon.core.logging.XmlKeywordLogger</class>
  <method>endKeyword</method>
  <thread>1</thread>
  <message>End End action : Send request</message>
  <nestedLevel>2</nestedLevel>
</record>
<record>
  <date>2019-08-29T12:59:02</date>
  <millis>1567058342828</millis>
  <sequence>158</sequence>
  <level>START</level>
  <class>com.kms.katalon.core.logging.XmlKeywordLogger</class>
  <method>startKeyword</method>
  <thread>1</thread>
  <message>Start action : User Get Http response code : 200</message>
  <nestedLevel>2</nestedLevel>
</record>
<record>
  <date>2019-08-29T12:59:02</date>
  <millis>1567058342830</millis>
  <sequence>160</sequence>
  <level>PASSED</level>
  <class>com.kms.katalon.core.logging.XmlKeywordLogger</class>
  <method>logMessage</method>
  <thread>1</thread>
  <message>Verify response status code successfully</message>
  <nestedLevel>2</nestedLevel>
</record>
<record>
  <date>2019-08-29T12:59:02</date>
  <millis>1567058342832</millis>
  <sequence>161</sequence>
  <level>PASSED</level>
  <class>com.kms.katalon.core.logging.XmlKeywordLogger</class>
  <method>logMessage</method>
  <thread>1</thread>
  <message>User Get Http response code : 200</message>
  <nestedLevel>2</nestedLevel>
</record>
<record>
  <date>2019-08-29T12:59:02</date>
  <millis>1567058342832</millis>
  <sequence>162</sequence>
  <level>END</level>
  <class>com.kms.katalon.core.logging.XmlKeywordLogger</class>
  <method>endKeyword</method>
  <thread>1</thread>
  <message>End End action : User Get Http response code : 200</message>
  <nestedLevel>2</nestedLevel>
</record>
<record>
  <date>2019-08-29T12:59:02</date>
  <millis>1567058342833</millis>
  <sequence>163</sequence>
  <level>START</level>
  <class>com.kms.katalon.core.logging.XmlKeywordLogger</class>
  <method>startKeyword</method>
  <thread>1</thread>
  <message>Start action : Biller Config Updated</message>
  <nestedLevel>2</nestedLevel>
</record>
<record>
  <date>2019-08-29T12:59:04</date>
  <millis>1567058344164</millis>
  <sequence>166</sequence>
  <level>INFO</level>
  <class>com.kms.katalon.core.logging.XmlKeywordLogger</class>
  <method>logMessage</method>
  <thread>1</thread>
  <message>HAR: /Users/reinard/Documents/Katalon Project/Trunko/Reports/API Biller CRUD/20190829_125839/requests/main/5.har</message>
  <nestedLevel>2</nestedLevel>
  <property name="harId">f0c71fa8-b8f2-4a8c-b8a0-ab785676589a</property>
</record>
<record>
  <date>2019-08-29T12:59:04</date>
  <millis>1567058344167</millis>
  <sequence>167</sequence>
  <level>PASSED</level>
  <class>com.kms.katalon.core.logging.XmlKeywordLogger</class>
  <method>logMessage</method>
  <thread>1</thread>
  <message>Send request successfully</message>
  <nestedLevel>2</nestedLevel>
</record>
<record>
  <date>2019-08-29T12:59:04</date>
  <millis>1567058344226</millis>
  <sequence>169</sequence>
  <level>PASSED</level>
  <class>com.kms.katalon.core.logging.XmlKeywordLogger</class>
  <method>logMessage</method>
  <thread>1</thread>
  <message>Actual text &amp;apos;{\&amp;quot;Key\&amp;quot;:\&amp;quot;Value\&amp;quot;}\n&amp;apos; and expected text &amp;apos;{\&amp;quot;Key\&amp;quot;:\&amp;quot;Value\&amp;quot;}\n&amp;apos; are matched </message>
  <nestedLevel>2</nestedLevel>
</record>
<record>
  <date>2019-08-29T12:59:04</date>
  <millis>1567058344227</millis>
  <sequence>170</sequence>
  <level>PASSED</level>
  <class>com.kms.katalon.core.logging.XmlKeywordLogger</class>
  <method>logMessage</method>
  <thread>1</thread>
  <message>Biller Config Updated</message>
  <nestedLevel>2</nestedLevel>
</record>
<record>
  <date>2019-08-29T12:59:04</date>
  <millis>1567058344227</millis>
  <sequence>171</sequence>
  <level>END</level>
  <class>com.kms.katalon.core.logging.XmlKeywordLogger</class>
  <method>endKeyword</method>
  <thread>1</thread>
  <message>End End action : Biller Config Updated</message>
  <nestedLevel>2</nestedLevel>
</record>
<record>
  <date>2019-08-29T12:59:04</date>
  <millis>1567058344228</millis>
  <sequence>172</sequence>
  <level>PASSED</level>
  <class>com.kms.katalon.core.logging.XmlKeywordLogger</class>
  <method>logMessage</method>
  <thread>1</thread>
  <message>SCENARIO Update Biller Config Success</message>
  <nestedLevel>2</nestedLevel>
</record>
<record>
  <date>2019-08-29T12:59:04</date>
  <millis>1567058344228</millis>
  <sequence>173</sequence>
  <level>END</level>
  <class>com.kms.katalon.core.logging.XmlKeywordLogger</class>
  <method>endTest</method>
  <thread>1</thread>
  <message>End Test Case : SCENARIO Update Biller Config Success</message>
  <nestedLevel>1</nestedLevel>
</record>
<record>
  <date>2019-08-29T12:59:04</date>
  <millis>1567058344235</millis>
  <sequence>174</sequence>
  <level>PASSED</level>
  <class>com.kms.katalon.core.logging.XmlKeywordLogger</class>
  <method>logMessage</method>
  <thread>1</thread>
  <message>Feature file: &amp;apos;Include/features/API Biller CRUD/Update Biller Config Success.feature&amp;apos; was passed</message>
  <nestedLevel>1</nestedLevel>
</record>
<record>
  <date>2019-08-29T12:59:04</date>
  <millis>1567058344236</millis>
  <sequence>175</sequence>
  <level>END</level>
  <class>com.kms.katalon.core.logging.XmlKeywordLogger</class>
  <method>endKeyword</method>
  <thread>1</thread>
  <message>End action : runFeatureFile(\&amp;quot;Include/features/API Biller CRUD/Update Biller Config Success.feature\&amp;quot;)</message>
  <nestedLevel>1</nestedLevel>
</record>
<record>
  <date>2019-08-29T12:59:04</date>
  <millis>1567058344236</millis>
  <sequence>176</sequence>
  <level>PASSED</level>
  <class>com.kms.katalon.core.logging.XmlKeywordLogger</class>
  <method>logMessage</method>
  <thread>1</thread>
  <message>Test Cases/API Biller CRUD/Update Biller Config Success</message>
  <nestedLevel>1</nestedLevel>
</record>
<record>
  <date>2019-08-29T12:59:04</date>
  <millis>1567058344236</millis>
  <sequence>177</sequence>
  <level>END</level>
  <class>com.kms.katalon.core.logging.XmlKeywordLogger</class>
  <method>endTest</method>
  <thread>1</thread>
  <message>End Test Case : Test Cases/API Biller CRUD/Update Biller Config Success</message>
  <nestedLevel>0</nestedLevel>
</record>
<record>
  <date>2019-08-29T12:59:04</date>
  <millis>1567058344240</millis>
  <sequence>178</sequence>
  <level>START</level>
  <class>com.kms.katalon.core.logging.XmlKeywordLogger</class>
  <method>startTest</method>
  <thread>1</thread>
  <message>Start Test Case : Test Cases/API Biller CRUD/Get Biller Config Failed</message>
  <nestedLevel>1</nestedLevel>
  <property name="name">Test Cases/API Biller CRUD/Get Biller Config Failed</property>
  <property name="description"></property>
  <property name="id">Test Cases/API Biller CRUD/Get Biller Config Failed</property>
  <property name="source">\\Users\\reinard\\Documents\\Katalon Project\\Trunko\\Test Cases\\API Biller CRUD\\Get Biller Config Failed.tc</property>
  <property name="tag"></property>
  <property name="isOptional">false</property>
</record>
<record>
  <date>2019-08-29T12:59:04</date>
  <millis>1567058344472</millis>
  <sequence>180</sequence>
  <level>START</level>
  <class>com.kms.katalon.core.logging.XmlKeywordLogger</class>
  <method>startKeyword</method>
  <thread>1</thread>
  <message>Start action : runFeatureFile(\&amp;quot;Include/features/API Biller CRUD/Get Biller Config Failed.feature\&amp;quot;)</message>
  <nestedLevel>1</nestedLevel>
  <property name="startLine">16</property>
  <property name="stepIndex">1</property>
</record>
<record>
  <date>2019-08-29T12:59:04</date>
  <millis>1567058344473</millis>
  <sequence>181</sequence>
  <level>INFO</level>
  <class>com.kms.katalon.core.logging.XmlKeywordLogger</class>
  <method>logMessage</method>
  <thread>1</thread>
  <message>Starting run keyword runFeatureFile: &amp;apos;Include/features/API Biller CRUD/Get Biller Config Failed.feature&amp;apos; and extract report to folder: &amp;apos;/Users/reinard/Documents/Katalon Project/Trunko/Reports/API Biller CRUD/20190829_125839/cucumber_report/1567058344473&amp;apos;...</message>
  <nestedLevel>1</nestedLevel>
</record>
<record>
  <date>2019-08-29T12:59:04</date>
  <millis>1567058344577</millis>
  <sequence>182</sequence>
  <level>START</level>
  <class>com.kms.katalon.core.logging.XmlKeywordLogger</class>
  <method>startTest</method>
  <thread>1</thread>
  <message>Start Test Case : SCENARIO Get Biller Config Failed</message>
  <nestedLevel>2</nestedLevel>
</record>
<record>
  <date>2019-08-29T12:59:04</date>
  <millis>1567058344579</millis>
  <sequence>183</sequence>
  <level>START</level>
  <class>com.kms.katalon.core.logging.XmlKeywordLogger</class>
  <method>startKeyword</method>
  <thread>1</thread>
  <message>Start action : url : https://trunko.sumpahpalapa.com/biller/id/config</message>
  <nestedLevel>2</nestedLevel>
</record>
<record>
  <date>2019-08-29T12:59:04</date>
  <millis>1567058344580</millis>
  <sequence>184</sequence>
  <level>PASSED</level>
  <class>com.kms.katalon.core.logging.XmlKeywordLogger</class>
  <method>logMessage</method>
  <thread>1</thread>
  <message>url : https://trunko.sumpahpalapa.com/biller/id/config</message>
  <nestedLevel>2</nestedLevel>
</record>
<record>
  <date>2019-08-29T12:59:04</date>
  <millis>1567058344580</millis>
  <sequence>185</sequence>
  <level>END</level>
  <class>com.kms.katalon.core.logging.XmlKeywordLogger</class>
  <method>endKeyword</method>
  <thread>1</thread>
  <message>End End action : url : https://trunko.sumpahpalapa.com/biller/id/config</message>
  <nestedLevel>2</nestedLevel>
</record>
<record>
  <date>2019-08-29T12:59:04</date>
  <millis>1567058344581</millis>
  <sequence>186</sequence>
  <level>START</level>
  <class>com.kms.katalon.core.logging.XmlKeywordLogger</class>
  <method>startKeyword</method>
  <thread>1</thread>
  <message>Start action : Method : GET</message>
  <nestedLevel>2</nestedLevel>
</record>
<record>
  <date>2019-08-29T12:59:04</date>
  <millis>1567058344583</millis>
  <sequence>187</sequence>
  <level>PASSED</level>
  <class>com.kms.katalon.core.logging.XmlKeywordLogger</class>
  <method>logMessage</method>
  <thread>1</thread>
  <message>Method : GET</message>
  <nestedLevel>2</nestedLevel>
</record>
<record>
  <date>2019-08-29T12:59:04</date>
  <millis>1567058344583</millis>
  <sequence>188</sequence>
  <level>END</level>
  <class>com.kms.katalon.core.logging.XmlKeywordLogger</class>
  <method>endKeyword</method>
  <thread>1</thread>
  <message>End End action : Method : GET</message>
  <nestedLevel>2</nestedLevel>
</record>
<record>
  <date>2019-08-29T12:59:04</date>
  <millis>1567058344584</millis>
  <sequence>189</sequence>
  <level>START</level>
  <class>com.kms.katalon.core.logging.XmlKeywordLogger</class>
  <method>startKeyword</method>
  <thread>1</thread>
  <message>Start action : User Input id : 1000</message>
  <nestedLevel>2</nestedLevel>
</record>
<record>
  <date>2019-08-29T12:59:04</date>
  <millis>1567058344600</millis>
  <sequence>190</sequence>
  <level>PASSED</level>
  <class>com.kms.katalon.core.logging.XmlKeywordLogger</class>
  <method>logMessage</method>
  <thread>1</thread>
  <message>User Input id : 1000</message>
  <nestedLevel>2</nestedLevel>
</record>
<record>
  <date>2019-08-29T12:59:04</date>
  <millis>1567058344600</millis>
  <sequence>191</sequence>
  <level>END</level>
  <class>com.kms.katalon.core.logging.XmlKeywordLogger</class>
  <method>endKeyword</method>
  <thread>1</thread>
  <message>End End action : User Input id : 1000</message>
  <nestedLevel>2</nestedLevel>
</record>
<record>
  <date>2019-08-29T12:59:04</date>
  <millis>1567058344601</millis>
  <sequence>192</sequence>
  <level>START</level>
  <class>com.kms.katalon.core.logging.XmlKeywordLogger</class>
  <method>startKeyword</method>
  <thread>1</thread>
  <message>Start action : Send request</message>
  <nestedLevel>2</nestedLevel>
</record>
<record>
  <date>2019-08-29T12:59:04</date>
  <millis>1567058344915</millis>
  <sequence>195</sequence>
  <level>INFO</level>
  <class>com.kms.katalon.core.logging.XmlKeywordLogger</class>
  <method>logMessage</method>
  <thread>1</thread>
  <message>HAR: /Users/reinard/Documents/Katalon Project/Trunko/Reports/API Biller CRUD/20190829_125839/requests/main/6.har</message>
  <nestedLevel>2</nestedLevel>
  <property name="harId">d30b367d-d0c9-47e8-a9eb-6f33675d49bc</property>
</record>
<record>
  <date>2019-08-29T12:59:04</date>
  <millis>1567058344917</millis>
  <sequence>196</sequence>
  <level>PASSED</level>
  <class>com.kms.katalon.core.logging.XmlKeywordLogger</class>
  <method>logMessage</method>
  <thread>1</thread>
  <message>Send request successfully</message>
  <nestedLevel>2</nestedLevel>
</record>
<record>
  <date>2019-08-29T12:59:04</date>
  <millis>1567058344917</millis>
  <sequence>197</sequence>
  <level>PASSED</level>
  <class>com.kms.katalon.core.logging.XmlKeywordLogger</class>
  <method>logMessage</method>
  <thread>1</thread>
  <message>Send request</message>
  <nestedLevel>2</nestedLevel>
</record>
<record>
  <date>2019-08-29T12:59:04</date>
  <millis>1567058344917</millis>
  <sequence>198</sequence>
  <level>END</level>
  <class>com.kms.katalon.core.logging.XmlKeywordLogger</class>
  <method>endKeyword</method>
  <thread>1</thread>
  <message>End End action : Send request</message>
  <nestedLevel>2</nestedLevel>
</record>
<record>
  <date>2019-08-29T12:59:04</date>
  <millis>1567058344918</millis>
  <sequence>199</sequence>
  <level>START</level>
  <class>com.kms.katalon.core.logging.XmlKeywordLogger</class>
  <method>startKeyword</method>
  <thread>1</thread>
  <message>Start action : User Get Http response code : 400</message>
  <nestedLevel>2</nestedLevel>
</record>
<record>
  <date>2019-08-29T12:59:04</date>
  <millis>1567058344923</millis>
  <sequence>201</sequence>
  <level>PASSED</level>
  <class>com.kms.katalon.core.logging.XmlKeywordLogger</class>
  <method>logMessage</method>
  <thread>1</thread>
  <message>Verify response status code successfully</message>
  <nestedLevel>2</nestedLevel>
</record>
<record>
  <date>2019-08-29T12:59:04</date>
  <millis>1567058344925</millis>
  <sequence>202</sequence>
  <level>PASSED</level>
  <class>com.kms.katalon.core.logging.XmlKeywordLogger</class>
  <method>logMessage</method>
  <thread>1</thread>
  <message>User Get Http response code : 400</message>
  <nestedLevel>2</nestedLevel>
</record>
<record>
  <date>2019-08-29T12:59:04</date>
  <millis>1567058344925</millis>
  <sequence>203</sequence>
  <level>END</level>
  <class>com.kms.katalon.core.logging.XmlKeywordLogger</class>
  <method>endKeyword</method>
  <thread>1</thread>
  <message>End End action : User Get Http response code : 400</message>
  <nestedLevel>2</nestedLevel>
</record>
<record>
  <date>2019-08-29T12:59:04</date>
  <millis>1567058344926</millis>
  <sequence>204</sequence>
  <level>PASSED</level>
  <class>com.kms.katalon.core.logging.XmlKeywordLogger</class>
  <method>logMessage</method>
  <thread>1</thread>
  <message>SCENARIO Get Biller Config Failed</message>
  <nestedLevel>2</nestedLevel>
</record>
<record>
  <date>2019-08-29T12:59:04</date>
  <millis>1567058344927</millis>
  <sequence>205</sequence>
  <level>END</level>
  <class>com.kms.katalon.core.logging.XmlKeywordLogger</class>
  <method>endTest</method>
  <thread>1</thread>
  <message>End Test Case : SCENARIO Get Biller Config Failed</message>
  <nestedLevel>1</nestedLevel>
</record>
<record>
  <date>2019-08-29T12:59:04</date>
  <millis>1567058344935</millis>
  <sequence>206</sequence>
  <level>PASSED</level>
  <class>com.kms.katalon.core.logging.XmlKeywordLogger</class>
  <method>logMessage</method>
  <thread>1</thread>
  <message>Feature file: &amp;apos;Include/features/API Biller CRUD/Get Biller Config Failed.feature&amp;apos; was passed</message>
  <nestedLevel>1</nestedLevel>
</record>
<record>
  <date>2019-08-29T12:59:04</date>
  <millis>1567058344936</millis>
  <sequence>207</sequence>
  <level>END</level>
  <class>com.kms.katalon.core.logging.XmlKeywordLogger</class>
  <method>endKeyword</method>
  <thread>1</thread>
  <message>End action : runFeatureFile(\&amp;quot;Include/features/API Biller CRUD/Get Biller Config Failed.feature\&amp;quot;)</message>
  <nestedLevel>1</nestedLevel>
</record>
<record>
  <date>2019-08-29T12:59:04</date>
  <millis>1567058344936</millis>
  <sequence>208</sequence>
  <level>PASSED</level>
  <class>com.kms.katalon.core.logging.XmlKeywordLogger</class>
  <method>logMessage</method>
  <thread>1</thread>
  <message>Test Cases/API Biller CRUD/Get Biller Config Failed</message>
  <nestedLevel>1</nestedLevel>
</record>
<record>
  <date>2019-08-29T12:59:04</date>
  <millis>1567058344937</millis>
  <sequence>209</sequence>
  <level>END</level>
  <class>com.kms.katalon.core.logging.XmlKeywordLogger</class>
  <method>endTest</method>
  <thread>1</thread>
  <message>End Test Case : Test Cases/API Biller CRUD/Get Biller Config Failed</message>
  <nestedLevel>0</nestedLevel>
</record>
<record>
  <date>2019-08-29T12:59:05</date>
  <millis>1567058345029</millis>
  <sequence>210</sequence>
  <level>END</level>
  <class>com.kms.katalon.core.logging.XmlKeywordLogger</class>
  <method>endSuite</method>
  <thread>1</thread>
  <message>End Test Suite : Test Suites/API Biller CRUD</message>
  <nestedLevel>0</nestedLevel>
</record>
</log>
